0 info it worked if it ends with ok
1 verbose cli [ '/usr/bin/node', '/usr/bin/npm', 'run', 'd' ]
2 info using npm@3.5.2
3 info using node@v8.10.0
4 verbose run-script [ 'pred', 'd', 'postd' ]
5 info lifecycle vuepressCynicism@1.0.0~pred: vuepressCynicism@1.0.0
6 silly lifecycle vuepressCynicism@1.0.0~pred: no script for pred, continuing
7 info lifecycle vuepressCynicism@1.0.0~d: vuepressCynicism@1.0.0
8 verbose lifecycle vuepressCynicism@1.0.0~d: unsafe-perm in lifecycle true
9 verbose lifecycle vuepressCynicism@1.0.0~d: PATH: /usr/share/npm/bin/node-gyp-bin:/opt/nizhijie/vue/vuepressCynicism/node_modules/.bin:/usr/local/sbin:/usr/local/bin:/usr/sbin:/usr/bin:/sbin:/bin:/usr/games:/usr/local/games:/snap/bin
10 verbose lifecycle vuepressCynicism@1.0.0~d: CWD: /opt/nizhijie/vue/vuepressCynicism
11 silly lifecycle vuepressCynicism@1.0.0~d: Args: [ '-c', 'bash deploy.sh' ]
12 silly lifecycle vuepressCynicism@1.0.0~d: Returned: code: 128  signal: null
13 info lifecycle vuepressCynicism@1.0.0~d: Failed to exec d script
14 verbose stack Error: vuepressCynicism@1.0.0 d: `bash deploy.sh`
14 verbose stack Exit status 128
14 verbose stack     at EventEmitter.<anonymous> (/usr/share/npm/lib/utils/lifecycle.js:232:16)
14 verbose stack     at emitTwo (events.js:126:13)
14 verbose stack     at EventEmitter.emit (events.js:214:7)
14 verbose stack     at ChildProcess.<anonymous> (/usr/share/npm/lib/utils/spawn.js:24:14)
14 verbose stack     at emitTwo (events.js:126:13)
14 verbose stack     at ChildProcess.emit (events.js:214:7)
14 verbose stack     at maybeClose (internal/child_process.js:925:16)
14 verbose stack     at Process.ChildProcess._handle.onexit (internal/child_process.js:209:5)
15 verbose pkgid vuepressCynicism@1.0.0
16 verbose cwd /opt/nizhijie/vue/vuepressCynicism
17 error Linux 4.15.0-52-generic
18 error argv "/usr/bin/node" "/usr/bin/npm" "run" "d"
19 error node v8.10.0
20 error npm  v3.5.2
21 error code ELIFECYCLE
22 error vuepressCynicism@1.0.0 d: `bash deploy.sh`
22 error Exit status 128
23 error Failed at the vuepressCynicism@1.0.0 d script 'bash deploy.sh'.
23 error Make sure you have the latest version of node.js and npm installed.
23 error If you do, this is most likely a problem with the vuepressCynicism package,
23 error not with npm itself.
23 error Tell the author that this fails on your system:
23 error     bash deploy.sh
23 error You can get information on how to open an issue for this project with:
23 error     npm bugs vuepressCynicism
23 error Or if that isn't available, you can get their info via:
23 error     npm owner ls vuepressCynicism
23 error There is likely additional logging output above.
24 verbose exit [ 1, true ]
